<?xml version="1.0" encoding="UTF-8"?>
<!-- Generated by org.testng.reporters.JUnitReportReporter -->
<testsuite skipped="0" hostname="MuttuPC" name="practice.MonsterLoginTest" tests="1" failures="0" timestamp="27 Jan 2018 11:31:55 GMT" time="101.254" errors="0">
  <testcase name="main" time="101.254" classname="practice.MonsterLoginTest"/>
</testsuite> <!-- practice.MonsterLoginTest -->
